<?xml version="1.0" encoding="UTF-8"?>
<!-- Generated by org.testng.reporters.JUnitXMLReporter -->
<testsuite hostname="ABIRAMI" ignored="0" name="RT_Web Regression Test" tests="54" failures="1" timestamp="30 Oct 2017 05:11:00 GMT" time="48.841" errors="0">
  <testcase name="login" time="48.685" classname="dd_core.TestCore">
    <failure type="java.lang.NoSuchMethodError" message="com.google.common.util.concurrent.SimpleTimeLimiter.create(Ljava/util/concurrent/ExecutorService;)Lcom/google/common/util/concurrent/SimpleTimeLimiter;">
      <![CDATA[java.lang.NoSuchMethodError: com.google.common.util.concurrent.SimpleTimeLimiter.create(Ljava/util/concurrent/ExecutorService;)Lcom/google/common/util/concurrent/SimpleTimeLimiter;
	at org.openqa.selenium.net.UrlChecker.<init>(UrlChecker.java:62)
	at org.openqa.selenium.remote.service.DriverService.stop(DriverService.java:213)
	at org.openqa.selenium.remote.service.DriverCommandExecutor.execute(DriverCommandExecutor.java:95)
	at org.openqa.selenium.remote.RemoteWebDriver.execute(RemoteWebDriver.java:586)
	at org.openqa.selenium.remote.RemoteWebDriver.execute(RemoteWebDriver.java:643)
	at org.openqa.selenium.remote.RemoteWebDriver.quit(RemoteWebDriver.java:482)
	at dd_test.Login.testcases(Login.java:158)
	at dd_core.TestCore.login(TestCore.java:65)
... Removed 25 stack frames]]>
    </failure>
  </testcase> <!-- login -->
  <testcase name="reeferstatus" time="0.001" classname="dd_core.TestCore"/>
  <testcase name="reefermultitemp" time="0.001" classname="dd_core.TestCore"/>
  <testcase name="reefermaintenance" time="0.001" classname="dd_core.TestCore"/>
  <testcase name="reeferpretrip" time="0.001" classname="dd_core.TestCore"/>
  <testcase name="reeferalarm" time="0.003" classname="dd_core.TestCore"/>
  <testcase name="reefertempprofile" time="0.001" classname="dd_core.TestCore"/>
  <testcase name="reeferimpact" time="0.001" classname="dd_core.TestCore"/>
  <testcase name="reeferITA" time="0.002" classname="dd_core.TestCore"/>
  <testcase name="reeferSM" time="0.0" classname="dd_core.TestCore"/>
  <testcase name="reeferfuelflows" time="0.002" classname="dd_core.TestCore"/>
  <testcase name="reeferdooralarms" time="0.0" classname="dd_core.TestCore"/>
  <testcase name="logistic" time="0.001" classname="dd_core.TestCore"/>
  <testcase name="logisticCLM" time="0.001" classname="dd_core.TestCore"/>
  <testcase name="logisticWayBill" time="0.001" classname="dd_core.TestCore"/>
  <testcase name="orderstatus" time="0.0" classname="dd_core.TestCore"/>
  <testcase name="ordermanifest" time="0.0" classname="dd_core.TestCore"/>
  <testcase name="disparitystatus" time="0.001" classname="dd_core.TestCore"/>
  <testcase name="fuelrefuel" time="0.001" classname="dd_core.TestCore"/>
  <testcase name="fuelrefuellocation" time="0.0" classname="dd_core.TestCore"/>
  <testcase name="refuelsummaryhistory" time="0.001" classname="dd_core.TestCore"/>
  <testcase name="fuelusagesummary" time="0.001" classname="dd_core.TestCore"/>
  <testcase name="Inventorysummary" time="0.001" classname="dd_core.TestCore"/>
  <testcase name="reeferInventory" time="0.001" classname="dd_core.TestCore"/>
  <testcase name="yardInventory" time="0.003" classname="dd_core.TestCore"/>
  <testcase name="regionInventory" time="0.001" classname="dd_core.TestCore"/>
  <testcase name="cstatus" time="0.001" classname="dd_core.TestCore"/>
  <testcase name="chistory" time="0.0" classname="dd_core.TestCore"/>
  <testcase name="scheduledcommands" time="0.0" classname="dd_core.TestCore"/>
  <testcase name="pollcommands" time="0.002" classname="dd_core.TestCore"/>
  <testcase name="controlcommands" time="0.0" classname="dd_core.TestCore"/>
  <testcase name="orderdisparity" time="0.0" classname="dd_core.TestCore"/>
  <testcase name="reeferstatushistory" time="0.0" classname="dd_core.TestCore"/>
  <testcase name="reefermultitemphistory" time="0.001" classname="dd_core.TestCore"/>
  <testcase name="ReeferMaintenanceHistory" time="0.001" classname="dd_core.TestCore"/>
  <testcase name="ReefersPretripHistory" time="0.001" classname="dd_core.TestCore"/>
  <testcase name="ReefersAlarmHistory" time="0.0" classname="dd_core.TestCore"/>
  <testcase name="ReefersTempProfileHistory" time="0.001" classname="dd_core.TestCore"/>
  <testcase name="reeferITAhistory" time="0.0" classname="dd_core.TestCore"/>
  <testcase name="ReefersSMHistory" time="0.001" classname="dd_core.TestCore"/>
  <testcase name="ReefersFuelflowHistory" time="0.001" classname="dd_core.TestCore"/>
  <testcase name="ReeferRouteHistory" time="0.002" classname="dd_core.TestCore"/>
  <testcase name="ReefersDoorAlarmHistory" time="0.001" classname="dd_core.TestCore"/>
  <testcase name="AssetCommandHistory" time="0.001" classname="dd_core.TestCore"/>
  <testcase name="OrderHistory" time="0.002" classname="dd_core.TestCore"/>
  <testcase name="ReefersImpactHistory" time="0.001" classname="dd_core.TestCore"/>
  <testcase name="LogisticUtilizationHistory" time="0.002" classname="dd_core.TestCore"/>
  <testcase name="LogisticCLMHistory" time="0.001" classname="dd_core.TestCore"/>
  <testcase name="LogisticWaybillHistory" time="0.001" classname="dd_core.TestCore"/>
  <testcase name="DisparityStautsHistory" time="0.001" classname="dd_core.TestCore"/>
  <testcase name="FSMADocs" time="0.001" classname="dd_core.TestCore"/>
  <testcase name="TKHMIDisplay" time="0.001" classname="dd_core.TestCore"/>
  <testcase name="FTA" time="0.001" classname="dd_core.TestCore"/>
  <testcase name="setting" time="0.002" classname="dd_core.TestCore"/>
</testsuite> <!-- RT_Web Regression Test -->
